ERROR - 2023-06-05 11:16:12 --> mysqli_sql_exception: Table 'commerce.film' doesn't exist in /srv/meziane.local/system/Database/MySQLi/Connection.php:295
Stack trace:
#0 /srv/meziane.local/system/Database/MySQLi/Connection.php(295): mysqli->query()
#1 /srv/meziane.local/system/Database/BaseConnection.php(691): CodeIgniter\Database\MySQLi\Connection->execute()
#2 /srv/meziane.local/system/Database/BaseConnection.php(605): CodeIgniter\Database\BaseConnection->simpleQuery()
#3 /srv/meziane.local/system/Database/BaseBuilder.php(1616): CodeIgniter\Database\BaseConnection->query()
#4 /srv/meziane.local/system/Model.php(241): CodeIgniter\Database\BaseBuilder->get()
#5 /srv/meziane.local/system/BaseModel.php(618): CodeIgniter\Model->doFindAll()
#6 /srv/meziane.local/app/Controllers/HomeController.php(18): CodeIgniter\BaseModel->findAll()
#7 /srv/meziane.local/system/CodeIgniter.php(934): App\Controllers\HomeController->index()
#8 /srv/meziane.local/system/CodeIgniter.php(499): CodeIgniter\CodeIgniter->runController()
#9 /srv/meziane.local/system/CodeIgniter.php(368): CodeIgniter\CodeIgniter->handleRequest()
#10 /srv/meziane.local/public/index.php(67): CodeIgniter\CodeIgniter->run()
#11 /srv/meziane.local/system/Commands/Server/rewrite.php(47): require_once('...')
#12 {main}
CRITICAL - 2023-06-05 11:16:12 --> Table 'commerce.film' doesn't exist
in SYSTEMPATH/Database/MySQLi/Connection.php on line 295.
 1 SYSTEMPATH/Database/MySQLi/Connection.php(295): mysqli->query()
 2 SYSTEMPATH/Database/BaseConnection.php(691): CodeIgniter\Database\MySQLi\Connection->execute()
 3 SYSTEMPATH/Database/BaseConnection.php(605): CodeIgniter\Database\BaseConnection->simpleQuery()
 4 SYSTEMPATH/Database/BaseBuilder.php(1616): CodeIgniter\Database\BaseConnection->query()
 5 SYSTEMPATH/Model.php(241): CodeIgniter\Database\BaseBuilder->get()
 6 SYSTEMPATH/BaseModel.php(618): CodeIgniter\Model->doFindAll()
 7 APPPATH/Controllers/HomeController.php(18): CodeIgniter\BaseModel->findAll()
 8 SYSTEMPATH/CodeIgniter.php(934): App\Controllers\HomeController->index()
 9 SYSTEMPATH/CodeIgniter.php(499): CodeIgniter\CodeIgniter->runController()
10 SYSTEMPATH/CodeIgniter.php(368): CodeIgniter\CodeIgniter->handleRequest()
11 FCPATH/index.php(67): CodeIgniter\CodeIgniter->run()
12 SYSTEMPATH/Commands/Server/rewrite.php(47): require_once('/srv/meziane.local/public/index.php')
CRITICAL - 2023-06-05 11:27:23 --> Undefined property: App\Controllers\ProduitController::$produitModel
in APPPATH/Controllers/ProduitController.php on line 10.
 1 APPPATH/Controllers/ProduitController.php(10): CodeIgniter\Debug\Exceptions->errorHandler()
 2 SYSTEMPATH/CodeIgniter.php(934): App\Controllers\ProduitController->listproduit()
 3 SYSTEMPATH/CodeIgniter.php(499): CodeIgniter\CodeIgniter->runController()
 4 SYSTEMPATH/CodeIgniter.php(368): CodeIgniter\CodeIgniter->handleRequest()
 5 FCPATH/index.php(67): CodeIgniter\CodeIgniter->run()
 6 SYSTEMPATH/Commands/Server/rewrite.php(47): require_once('/srv/meziane.local/public/index.php')
CRITICAL - 2023-06-05 11:30:41 --> Undefined property: App\Controllers\ProduitController::$ProduitModel
in APPPATH/Controllers/ProduitController.php on line 11.
 1 APPPATH/Controllers/ProduitController.php(11): CodeIgniter\Debug\Exceptions->errorHandler()
 2 SYSTEMPATH/CodeIgniter.php(934): App\Controllers\ProduitController->listproduit()
 3 SYSTEMPATH/CodeIgniter.php(499): CodeIgniter\CodeIgniter->runController()
 4 SYSTEMPATH/CodeIgniter.php(368): CodeIgniter\CodeIgniter->handleRequest()
 5 FCPATH/index.php(67): CodeIgniter\CodeIgniter->run()
 6 SYSTEMPATH/Commands/Server/rewrite.php(47): require_once('/srv/meziane.local/public/index.php')
CRITICAL - 2023-06-05 11:30:46 --> Undefined property: App\Controllers\ProduitController::$ProduitModel
in APPPATH/Controllers/ProduitController.php on line 11.
 1 APPPATH/Controllers/ProduitController.php(11): CodeIgniter\Debug\Exceptions->errorHandler()
 2 SYSTEMPATH/CodeIgniter.php(934): App\Controllers\ProduitController->listproduit()
 3 SYSTEMPATH/CodeIgniter.php(499): CodeIgniter\CodeIgniter->runController()
 4 SYSTEMPATH/CodeIgniter.php(368): CodeIgniter\CodeIgniter->handleRequest()
 5 FCPATH/index.php(67): CodeIgniter\CodeIgniter->run()
 6 SYSTEMPATH/Commands/Server/rewrite.php(47): require_once('/srv/meziane.local/public/index.php')
CRITICAL - 2023-06-05 11:35:01 --> Undefined property: App\Controllers\ProduitController::$ProduitModel
in APPPATH/Controllers/ProduitController.php on line 11.
 1 APPPATH/Controllers/ProduitController.php(11): CodeIgniter\Debug\Exceptions->errorHandler()
 2 SYSTEMPATH/CodeIgniter.php(934): App\Controllers\ProduitController->listproduit()
 3 SYSTEMPATH/CodeIgniter.php(499): CodeIgniter\CodeIgniter->runController()
 4 SYSTEMPATH/CodeIgniter.php(368): CodeIgniter\CodeIgniter->handleRequest()
 5 FCPATH/index.php(67): CodeIgniter\CodeIgniter->run()
 6 SYSTEMPATH/Commands/Server/rewrite.php(47): require_once('/srv/meziane.local/public/index.php')
CRITICAL - 2023-06-05 11:39:57 --> syntax error, unexpected token "<", expecting end of file
in APPPATH/Controllers/ProduitController.php on line 28.
 1 SYSTEMPATH/Autoloader/Autoloader.php(289): CodeIgniter\Autoloader\Autoloader->includeFile()
 2 SYSTEMPATH/Autoloader/Autoloader.php(267): CodeIgniter\Autoloader\Autoloader->loadInNamespace()
 3 [internal function]: CodeIgniter\Autoloader\Autoloader->loadClass()
 4 SYSTEMPATH/CodeIgniter.php(892): class_exists()
 5 SYSTEMPATH/CodeIgniter.php(486): CodeIgniter\CodeIgniter->startController()
 6 SYSTEMPATH/CodeIgniter.php(368): CodeIgniter\CodeIgniter->handleRequest()
 7 FCPATH/index.php(67): CodeIgniter\CodeIgniter->run()
 8 SYSTEMPATH/Commands/Server/rewrite.php(47): require_once('/srv/meziane.local/public/index.php')
CRITICAL - 2023-06-05 11:40:15 --> Call to undefined method App\Models\ProduitModel::getAllProduits
in SYSTEMPATH/Model.php on line 842.
 1 APPPATH/Controllers/ProduitController.php(19): CodeIgniter\Model->__call()
 2 SYSTEMPATH/CodeIgniter.php(934): App\Controllers\ProduitController->listproduit()
 3 SYSTEMPATH/CodeIgniter.php(499): CodeIgniter\CodeIgniter->runController()
 4 SYSTEMPATH/CodeIgniter.php(368): CodeIgniter\CodeIgniter->handleRequest()
 5 FCPATH/index.php(67): CodeIgniter\CodeIgniter->run()
 6 SYSTEMPATH/Commands/Server/rewrite.php(47): require_once('/srv/meziane.local/public/index.php')
ERROR - 2023-06-05 11:41:26 --> mysqli_sql_exception: Table 'commerce.produits' doesn't exist in /srv/meziane.local/system/Database/MySQLi/Connection.php:295
Stack trace:
#0 /srv/meziane.local/system/Database/MySQLi/Connection.php(295): mysqli->query()
#1 /srv/meziane.local/system/Database/BaseConnection.php(691): CodeIgniter\Database\MySQLi\Connection->execute()
#2 /srv/meziane.local/system/Database/BaseConnection.php(605): CodeIgniter\Database\BaseConnection->simpleQuery()
#3 /srv/meziane.local/system/Database/BaseBuilder.php(1616): CodeIgniter\Database\BaseConnection->query()
#4 /srv/meziane.local/system/Model.php(241): CodeIgniter\Database\BaseBuilder->get()
#5 /srv/meziane.local/system/BaseModel.php(618): CodeIgniter\Model->doFindAll()
#6 /srv/meziane.local/app/Models/ProduitModel.php(15): CodeIgniter\BaseModel->findAll()
#7 /srv/meziane.local/app/Controllers/ProduitController.php(19): App\Models\ProduitModel->getAllProduits()
#8 /srv/meziane.local/system/CodeIgniter.php(934): App\Controllers\ProduitController->listproduit()
#9 /srv/meziane.local/system/CodeIgniter.php(499): CodeIgniter\CodeIgniter->runController()
#10 /srv/meziane.local/system/CodeIgniter.php(368): CodeIgniter\CodeIgniter->handleRequest()
#11 /srv/meziane.local/public/index.php(67): CodeIgniter\CodeIgniter->run()
#12 /srv/meziane.local/system/Commands/Server/rewrite.php(47): require_once('...')
#13 {main}
CRITICAL - 2023-06-05 11:41:26 --> Table 'commerce.produits' doesn't exist
in SYSTEMPATH/Database/MySQLi/Connection.php on line 295.
 1 SYSTEMPATH/Database/MySQLi/Connection.php(295): mysqli->query()
 2 SYSTEMPATH/Database/BaseConnection.php(691): CodeIgniter\Database\MySQLi\Connection->execute()
 3 SYSTEMPATH/Database/BaseConnection.php(605): CodeIgniter\Database\BaseConnection->simpleQuery()
 4 SYSTEMPATH/Database/BaseBuilder.php(1616): CodeIgniter\Database\BaseConnection->query()
 5 SYSTEMPATH/Model.php(241): CodeIgniter\Database\BaseBuilder->get()
 6 SYSTEMPATH/BaseModel.php(618): CodeIgniter\Model->doFindAll()
 7 APPPATH/Models/ProduitModel.php(15): CodeIgniter\BaseModel->findAll()
 8 APPPATH/Controllers/ProduitController.php(19): App\Models\ProduitModel->getAllProduits()
 9 SYSTEMPATH/CodeIgniter.php(934): App\Controllers\ProduitController->listproduit()
10 SYSTEMPATH/CodeIgniter.php(499): CodeIgniter\CodeIgniter->runController()
11 SYSTEMPATH/CodeIgniter.php(368): CodeIgniter\CodeIgniter->handleRequest()
12 FCPATH/index.php(67): CodeIgniter\CodeIgniter->run()
13 SYSTEMPATH/Commands/Server/rewrite.php(47): require_once('/srv/meziane.local/public/index.php')
CRITICAL - 2023-06-05 11:43:00 --> Undefined array key "id"
in APPPATH/Views/listproduit.php on line 22.
 1 APPPATH/Views/listproduit.php(22): CodeIgniter\Debug\Exceptions->errorHandler()
 2 SYSTEMPATH/View/View.php(213): include('/srv/meziane.local/app/Views/listproduit.php')
 3 SYSTEMPATH/View/View.php(216): CodeIgniter\View\View->CodeIgniter\View\{closure}()
 4 SYSTEMPATH/Common.php(1184): CodeIgniter\View\View->render()
 5 APPPATH/Controllers/ProduitController.php(21): view()
 6 SYSTEMPATH/CodeIgniter.php(934): App\Controllers\ProduitController->listproduit()
 7 SYSTEMPATH/CodeIgniter.php(499): CodeIgniter\CodeIgniter->runController()
 8 SYSTEMPATH/CodeIgniter.php(368): CodeIgniter\CodeIgniter->handleRequest()
 9 FCPATH/index.php(67): CodeIgniter\CodeIgniter->run()
10 SYSTEMPATH/Commands/Server/rewrite.php(47): require_once('/srv/meziane.local/public/index.php')
CRITICAL - 2023-06-05 11:44:01 --> Undefined array key "id"
in APPPATH/Views/listproduit.php on line 22.
 1 APPPATH/Views/listproduit.php(22): CodeIgniter\Debug\Exceptions->errorHandler()
 2 SYSTEMPATH/View/View.php(213): include('/srv/meziane.local/app/Views/listproduit.php')
 3 SYSTEMPATH/View/View.php(216): CodeIgniter\View\View->CodeIgniter\View\{closure}()
 4 SYSTEMPATH/Common.php(1184): CodeIgniter\View\View->render()
 5 APPPATH/Controllers/ProduitController.php(21): view()
 6 SYSTEMPATH/CodeIgniter.php(934): App\Controllers\ProduitController->listproduit()
 7 SYSTEMPATH/CodeIgniter.php(499): CodeIgniter\CodeIgniter->runController()
 8 SYSTEMPATH/CodeIgniter.php(368): CodeIgniter\CodeIgniter->handleRequest()
 9 FCPATH/index.php(67): CodeIgniter\CodeIgniter->run()
10 SYSTEMPATH/Commands/Server/rewrite.php(47): require_once('/srv/meziane.local/public/index.php')
CRITICAL - 2023-06-05 11:44:04 --> Undefined array key "id"
in APPPATH/Views/listproduit.php on line 22.
 1 APPPATH/Views/listproduit.php(22): CodeIgniter\Debug\Exceptions->errorHandler()
 2 SYSTEMPATH/View/View.php(213): include('/srv/meziane.local/app/Views/listproduit.php')
 3 SYSTEMPATH/View/View.php(216): CodeIgniter\View\View->CodeIgniter\View\{closure}()
 4 SYSTEMPATH/Common.php(1184): CodeIgniter\View\View->render()
 5 APPPATH/Controllers/ProduitController.php(21): view()
 6 SYSTEMPATH/CodeIgniter.php(934): App\Controllers\ProduitController->listproduit()
 7 SYSTEMPATH/CodeIgniter.php(499): CodeIgniter\CodeIgniter->runController()
 8 SYSTEMPATH/CodeIgniter.php(368): CodeIgniter\CodeIgniter->handleRequest()
 9 FCPATH/index.php(67): CodeIgniter\CodeIgniter->run()
10 SYSTEMPATH/Commands/Server/rewrite.php(47): require_once('/srv/meziane.local/public/index.php')
CRITICAL - 2023-06-05 11:44:49 --> Undefined variable $produits
in APPPATH/Views/listproduit.php on line 20.
 1 APPPATH/Views/listproduit.php(20): CodeIgniter\Debug\Exceptions->errorHandler()
 2 SYSTEMPATH/View/View.php(213): include('/srv/meziane.local/app/Views/listproduit.php')
 3 SYSTEMPATH/View/View.php(216): CodeIgniter\View\View->CodeIgniter\View\{closure}()
 4 SYSTEMPATH/Common.php(1184): CodeIgniter\View\View->render()
 5 APPPATH/Controllers/ProduitController.php(21): view()
 6 SYSTEMPATH/CodeIgniter.php(934): App\Controllers\ProduitController->listproduit()
 7 SYSTEMPATH/CodeIgniter.php(499): CodeIgniter\CodeIgniter->runController()
 8 SYSTEMPATH/CodeIgniter.php(368): CodeIgniter\CodeIgniter->handleRequest()
 9 FCPATH/index.php(67): CodeIgniter\CodeIgniter->run()
10 SYSTEMPATH/Commands/Server/rewrite.php(47): require_once('/srv/meziane.local/public/index.php')
CRITICAL - 2023-06-05 11:45:47 --> Undefined variable $produits
in APPPATH/Views/listproduit.php on line 20.
 1 APPPATH/Views/listproduit.php(20): CodeIgniter\Debug\Exceptions->errorHandler()
 2 SYSTEMPATH/View/View.php(213): include('/srv/meziane.local/app/Views/listproduit.php')
 3 SYSTEMPATH/View/View.php(216): CodeIgniter\View\View->CodeIgniter\View\{closure}()
 4 SYSTEMPATH/Common.php(1184): CodeIgniter\View\View->render()
 5 APPPATH/Controllers/ProduitController.php(21): view()
 6 SYSTEMPATH/CodeIgniter.php(934): App\Controllers\ProduitController->listproduit()
 7 SYSTEMPATH/CodeIgniter.php(499): CodeIgniter\CodeIgniter->runController()
 8 SYSTEMPATH/CodeIgniter.php(368): CodeIgniter\CodeIgniter->handleRequest()
 9 FCPATH/index.php(67): CodeIgniter\CodeIgniter->run()
10 SYSTEMPATH/Commands/Server/rewrite.php(47): require_once('/srv/meziane.local/public/index.php')
CRITICAL - 2023-06-05 11:45:50 --> Undefined variable $produits
in APPPATH/Views/listproduit.php on line 20.
 1 APPPATH/Views/listproduit.php(20): CodeIgniter\Debug\Exceptions->errorHandler()
 2 SYSTEMPATH/View/View.php(213): include('/srv/meziane.local/app/Views/listproduit.php')
 3 SYSTEMPATH/View/View.php(216): CodeIgniter\View\View->CodeIgniter\View\{closure}()
 4 SYSTEMPATH/Common.php(1184): CodeIgniter\View\View->render()
 5 APPPATH/Controllers/ProduitController.php(21): view()
 6 SYSTEMPATH/CodeIgniter.php(934): App\Controllers\ProduitController->listproduit()
 7 SYSTEMPATH/CodeIgniter.php(499): CodeIgniter\CodeIgniter->runController()
 8 SYSTEMPATH/CodeIgniter.php(368): CodeIgniter\CodeIgniter->handleRequest()
 9 FCPATH/index.php(67): CodeIgniter\CodeIgniter->run()
10 SYSTEMPATH/Commands/Server/rewrite.php(47): require_once('/srv/meziane.local/public/index.php')
CRITICAL - 2023-06-05 11:51:59 --> Undefined variable $produits
in APPPATH/Views/listproduit.php on line 20.
 1 APPPATH/Views/listproduit.php(20): CodeIgniter\Debug\Exceptions->errorHandler()
 2 SYSTEMPATH/View/View.php(213): include('/srv/meziane.local/app/Views/listproduit.php')
 3 SYSTEMPATH/View/View.php(216): CodeIgniter\View\View->CodeIgniter\View\{closure}()
 4 SYSTEMPATH/Common.php(1184): CodeIgniter\View\View->render()
 5 APPPATH/Controllers/ProduitController.php(21): view()
 6 SYSTEMPATH/CodeIgniter.php(934): App\Controllers\ProduitController->listproduit()
 7 SYSTEMPATH/CodeIgniter.php(499): CodeIgniter\CodeIgniter->runController()
 8 SYSTEMPATH/CodeIgniter.php(368): CodeIgniter\CodeIgniter->handleRequest()
 9 FCPATH/index.php(67): CodeIgniter\CodeIgniter->run()
10 SYSTEMPATH/Commands/Server/rewrite.php(47): require_once('/srv/meziane.local/public/index.php')
CRITICAL - 2023-06-05 12:01:33 --> Undefined variable $produit
in APPPATH/Views/listproduit.php on line 20.
 1 APPPATH/Views/listproduit.php(20): CodeIgniter\Debug\Exceptions->errorHandler()
 2 SYSTEMPATH/View/View.php(213): include('/srv/meziane.local/app/Views/listproduit.php')
 3 SYSTEMPATH/View/View.php(216): CodeIgniter\View\View->CodeIgniter\View\{closure}()
 4 SYSTEMPATH/Common.php(1184): CodeIgniter\View\View->render()
 5 APPPATH/Controllers/ProduitController.php(15): view()
 6 SYSTEMPATH/CodeIgniter.php(934): App\Controllers\ProduitController->listproduit()
 7 SYSTEMPATH/CodeIgniter.php(499): CodeIgniter\CodeIgniter->runController()
 8 SYSTEMPATH/CodeIgniter.php(368): CodeIgniter\CodeIgniter->handleRequest()
 9 FCPATH/index.php(67): CodeIgniter\CodeIgniter->run()
10 SYSTEMPATH/Commands/Server/rewrite.php(47): require_once('/srv/meziane.local/public/index.php')
CRITICAL - 2023-06-05 12:01:35 --> Undefined variable $produit
in APPPATH/Views/listproduit.php on line 20.
 1 APPPATH/Views/listproduit.php(20): CodeIgniter\Debug\Exceptions->errorHandler()
 2 SYSTEMPATH/View/View.php(213): include('/srv/meziane.local/app/Views/listproduit.php')
 3 SYSTEMPATH/View/View.php(216): CodeIgniter\View\View->CodeIgniter\View\{closure}()
 4 SYSTEMPATH/Common.php(1184): CodeIgniter\View\View->render()
 5 APPPATH/Controllers/ProduitController.php(15): view()
 6 SYSTEMPATH/CodeIgniter.php(934): App\Controllers\ProduitController->listproduit()
 7 SYSTEMPATH/CodeIgniter.php(499): CodeIgniter\CodeIgniter->runController()
 8 SYSTEMPATH/CodeIgniter.php(368): CodeIgniter\CodeIgniter->handleRequest()
 9 FCPATH/index.php(67): CodeIgniter\CodeIgniter->run()
10 SYSTEMPATH/Commands/Server/rewrite.php(47): require_once('/srv/meziane.local/public/index.php')
CRITICAL - 2023-06-05 12:02:14 --> Undefined variable $produit
in APPPATH/Views/listproduit.php on line 20.
 1 APPPATH/Views/listproduit.php(20): CodeIgniter\Debug\Exceptions->errorHandler()
 2 SYSTEMPATH/View/View.php(213): include('/srv/meziane.local/app/Views/listproduit.php')
 3 SYSTEMPATH/View/View.php(216): CodeIgniter\View\View->CodeIgniter\View\{closure}()
 4 SYSTEMPATH/Common.php(1184): CodeIgniter\View\View->render()
 5 APPPATH/Controllers/ProduitController.php(15): view()
 6 SYSTEMPATH/CodeIgniter.php(934): App\Controllers\ProduitController->listproduit()
 7 SYSTEMPATH/CodeIgniter.php(499): CodeIgniter\CodeIgniter->runController()
 8 SYSTEMPATH/CodeIgniter.php(368): CodeIgniter\CodeIgniter->handleRequest()
 9 FCPATH/index.php(67): CodeIgniter\CodeIgniter->run()
10 SYSTEMPATH/Commands/Server/rewrite.php(47): require_once('/srv/meziane.local/public/index.php')
CRITICAL - 2023-06-05 12:23:21 --> Invalid file: "modifierproduit.php"
in SYSTEMPATH/Exceptions/FrameworkException.php on line 33.
 1 SYSTEMPATH/View/View.php(201): CodeIgniter\Exceptions\FrameworkException::forInvalidFile()
 2 SYSTEMPATH/Common.php(1184): CodeIgniter\View\View->render()
 3 APPPATH/Controllers/ProduitController.php(50): view()
 4 SYSTEMPATH/CodeIgniter.php(934): App\Controllers\ProduitController->modifierproduit()
 5 SYSTEMPATH/CodeIgniter.php(499): CodeIgniter\CodeIgniter->runController()
 6 SYSTEMPATH/CodeIgniter.php(368): CodeIgniter\CodeIgniter->handleRequest()
 7 FCPATH/index.php(67): CodeIgniter\CodeIgniter->run()
 8 SYSTEMPATH/Commands/Server/rewrite.php(47): require_once('/srv/meziane.local/public/index.php')
CRITICAL - 2023-06-05 12:46:19 --> Invalid file: "modifierproduit.php"
in SYSTEMPATH/Exceptions/FrameworkException.php on line 33.
 1 SYSTEMPATH/View/View.php(201): CodeIgniter\Exceptions\FrameworkException::forInvalidFile()
 2 SYSTEMPATH/Common.php(1184): CodeIgniter\View\View->render()
 3 APPPATH/Controllers/ProduitController.php(177): view()
 4 SYSTEMPATH/CodeIgniter.php(934): App\Controllers\ProduitController->modifierproduit()
 5 SYSTEMPATH/CodeIgniter.php(499): CodeIgniter\CodeIgniter->runController()
 6 SYSTEMPATH/CodeIgniter.php(368): CodeIgniter\CodeIgniter->handleRequest()
 7 FCPATH/index.php(67): CodeIgniter\CodeIgniter->run()
 8 SYSTEMPATH/Commands/Server/rewrite.php(47): require_once('/srv/meziane.local/public/index.php')
ERROR - 2023-06-05 12:46:26 --> mysqli_sql_exception: Cannot delete or update a parent row: a foreign key constraint fails (`commerce`.`commande_has_produit`, CONSTRAINT `fk_commande_has_produit_produit1` FOREIGN KEY (`produit_id_produit`) REFERENCES `produit` (`id_produit`) ON DELETE NO ACTION ON UPDATE NO ACTION) in /srv/meziane.local/system/Database/MySQLi/Connection.php:295
Stack trace:
#0 /srv/meziane.local/system/Database/MySQLi/Connection.php(295): mysqli->query()
#1 /srv/meziane.local/system/Database/BaseConnection.php(691): CodeIgniter\Database\MySQLi\Connection->execute()
#2 /srv/meziane.local/system/Database/BaseConnection.php(605): CodeIgniter\Database\BaseConnection->simpleQuery()
#3 /srv/meziane.local/system/Database/BaseBuilder.php(2791): CodeIgniter\Database\BaseConnection->query()
#4 /srv/meziane.local/system/Model.php(456): CodeIgniter\Database\BaseBuilder->delete()
#5 /srv/meziane.local/system/BaseModel.php(1065): CodeIgniter\Model->doDelete()
#6 /srv/meziane.local/app/Controllers/ProduitController.php(183): CodeIgniter\BaseModel->delete()
#7 /srv/meziane.local/system/CodeIgniter.php(934): App\Controllers\ProduitController->supprimerproduit()
#8 /srv/meziane.local/system/CodeIgniter.php(499): CodeIgniter\CodeIgniter->runController()
#9 /srv/meziane.local/system/CodeIgniter.php(368): CodeIgniter\CodeIgniter->handleRequest()
#10 /srv/meziane.local/public/index.php(67): CodeIgniter\CodeIgniter->run()
#11 /srv/meziane.local/system/Commands/Server/rewrite.php(47): require_once('...')
#12 {main}
CRITICAL - 2023-06-05 12:46:26 --> Cannot delete or update a parent row: a foreign key constraint fails (`commerce`.`commande_has_produit`, CONSTRAINT `fk_commande_has_produit_produit1` FOREIGN KEY (`produit_id_produit`) REFERENCES `produit` (`id_produit`) ON DELETE NO ACTION ON UPDATE NO ACTION)
in SYSTEMPATH/Database/MySQLi/Connection.php on line 295.
 1 SYSTEMPATH/Database/MySQLi/Connection.php(295): mysqli->query()
 2 SYSTEMPATH/Database/BaseConnection.php(691): CodeIgniter\Database\MySQLi\Connection->execute()
 3 SYSTEMPATH/Database/BaseConnection.php(605): CodeIgniter\Database\BaseConnection->simpleQuery()
 4 SYSTEMPATH/Database/BaseBuilder.php(2791): CodeIgniter\Database\BaseConnection->query()
 5 SYSTEMPATH/Model.php(456): CodeIgniter\Database\BaseBuilder->delete()
 6 SYSTEMPATH/BaseModel.php(1065): CodeIgniter\Model->doDelete()
 7 APPPATH/Controllers/ProduitController.php(183): CodeIgniter\BaseModel->delete()
 8 SYSTEMPATH/CodeIgniter.php(934): App\Controllers\ProduitController->supprimerproduit()
 9 SYSTEMPATH/CodeIgniter.php(499): CodeIgniter\CodeIgniter->runController()
10 SYSTEMPATH/CodeIgniter.php(368): CodeIgniter\CodeIgniter->handleRequest()
11 FCPATH/index.php(67): CodeIgniter\CodeIgniter->run()
12 SYSTEMPATH/Commands/Server/rewrite.php(47): require_once('/srv/meziane.local/public/index.php')
CRITICAL - 2023-06-05 12:46:40 --> Invalid file: "modifierproduit.php"
in SYSTEMPATH/Exceptions/FrameworkException.php on line 33.
 1 SYSTEMPATH/View/View.php(201): CodeIgniter\Exceptions\FrameworkException::forInvalidFile()
 2 SYSTEMPATH/Common.php(1184): CodeIgniter\View\View->render()
 3 APPPATH/Controllers/ProduitController.php(177): view()
 4 SYSTEMPATH/CodeIgniter.php(934): App\Controllers\ProduitController->modifierproduit()
 5 SYSTEMPATH/CodeIgniter.php(499): CodeIgniter\CodeIgniter->runController()
 6 SYSTEMPATH/CodeIgniter.php(368): CodeIgniter\CodeIgniter->handleRequest()
 7 FCPATH/index.php(67): CodeIgniter\CodeIgniter->run()
 8 SYSTEMPATH/Commands/Server/rewrite.php(47): require_once('/srv/meziane.local/public/index.php')
CRITICAL - 2023-06-05 12:47:35 --> Invalid file: "modifierproduit.php"
in SYSTEMPATH/Exceptions/FrameworkException.php on line 33.
 1 SYSTEMPATH/View/View.php(201): CodeIgniter\Exceptions\FrameworkException::forInvalidFile()
 2 SYSTEMPATH/Common.php(1184): CodeIgniter\View\View->render()
 3 APPPATH/Controllers/ProduitController.php(177): view()
 4 SYSTEMPATH/CodeIgniter.php(934): App\Controllers\ProduitController->modifierproduit()
 5 SYSTEMPATH/CodeIgniter.php(499): CodeIgniter\CodeIgniter->runController()
 6 SYSTEMPATH/CodeIgniter.php(368): CodeIgniter\CodeIgniter->handleRequest()
 7 FCPATH/index.php(67): CodeIgniter\CodeIgniter->run()
 8 SYSTEMPATH/Commands/Server/rewrite.php(47): require_once('/srv/meziane.local/public/index.php')
CRITICAL - 2023-06-05 12:49:05 --> Invalid file: "modifierproduit.php"
in SYSTEMPATH/Exceptions/FrameworkException.php on line 33.
 1 SYSTEMPATH/View/View.php(201): CodeIgniter\Exceptions\FrameworkException::forInvalidFile()
 2 SYSTEMPATH/Common.php(1184): CodeIgniter\View\View->render()
 3 APPPATH/Controllers/ProduitController.php(177): view()
 4 SYSTEMPATH/CodeIgniter.php(934): App\Controllers\ProduitController->modifierproduit()
 5 SYSTEMPATH/CodeIgniter.php(499): CodeIgniter\CodeIgniter->runController()
 6 SYSTEMPATH/CodeIgniter.php(368): CodeIgniter\CodeIgniter->handleRequest()
 7 FCPATH/index.php(67): CodeIgniter\CodeIgniter->run()
 8 SYSTEMPATH/Commands/Server/rewrite.php(47): require_once('/srv/meziane.local/public/index.php')
ERROR - 2023-06-05 12:52:37 --> mysqli_sql_exception: Cannot delete or update a parent row: a foreign key constraint fails (`commerce`.`commande_has_produit`, CONSTRAINT `fk_commande_has_produit_produit1` FOREIGN KEY (`produit_id_produit`) REFERENCES `produit` (`id_produit`) ON DELETE NO ACTION ON UPDATE NO ACTION) in /srv/meziane.local/system/Database/MySQLi/Connection.php:295
Stack trace:
#0 /srv/meziane.local/system/Database/MySQLi/Connection.php(295): mysqli->query()
#1 /srv/meziane.local/system/Database/BaseConnection.php(691): CodeIgniter\Database\MySQLi\Connection->execute()
#2 /srv/meziane.local/system/Database/BaseConnection.php(605): CodeIgniter\Database\BaseConnection->simpleQuery()
#3 /srv/meziane.local/system/Database/BaseBuilder.php(2791): CodeIgniter\Database\BaseConnection->query()
#4 /srv/meziane.local/system/Model.php(456): CodeIgniter\Database\BaseBuilder->delete()
#5 /srv/meziane.local/system/BaseModel.php(1065): CodeIgniter\Model->doDelete()
#6 /srv/meziane.local/app/Controllers/ProduitController.php(183): CodeIgniter\BaseModel->delete()
#7 /srv/meziane.local/system/CodeIgniter.php(934): App\Controllers\ProduitController->supprimerproduit()
#8 /srv/meziane.local/system/CodeIgniter.php(499): CodeIgniter\CodeIgniter->runController()
#9 /srv/meziane.local/system/CodeIgniter.php(368): CodeIgniter\CodeIgniter->handleRequest()
#10 /srv/meziane.local/public/index.php(67): CodeIgniter\CodeIgniter->run()
#11 /srv/meziane.local/system/Commands/Server/rewrite.php(47): require_once('...')
#12 {main}
CRITICAL - 2023-06-05 12:52:37 --> Cannot delete or update a parent row: a foreign key constraint fails (`commerce`.`commande_has_produit`, CONSTRAINT `fk_commande_has_produit_produit1` FOREIGN KEY (`produit_id_produit`) REFERENCES `produit` (`id_produit`) ON DELETE NO ACTION ON UPDATE NO ACTION)
in SYSTEMPATH/Database/MySQLi/Connection.php on line 295.
 1 SYSTEMPATH/Database/MySQLi/Connection.php(295): mysqli->query()
 2 SYSTEMPATH/Database/BaseConnection.php(691): CodeIgniter\Database\MySQLi\Connection->execute()
 3 SYSTEMPATH/Database/BaseConnection.php(605): CodeIgniter\Database\BaseConnection->simpleQuery()
 4 SYSTEMPATH/Database/BaseBuilder.php(2791): CodeIgniter\Database\BaseConnection->query()
 5 SYSTEMPATH/Model.php(456): CodeIgniter\Database\BaseBuilder->delete()
 6 SYSTEMPATH/BaseModel.php(1065): CodeIgniter\Model->doDelete()
 7 APPPATH/Controllers/ProduitController.php(183): CodeIgniter\BaseModel->delete()
 8 SYSTEMPATH/CodeIgniter.php(934): App\Controllers\ProduitController->supprimerproduit()
 9 SYSTEMPATH/CodeIgniter.php(499): CodeIgniter\CodeIgniter->runController()
10 SYSTEMPATH/CodeIgniter.php(368): CodeIgniter\CodeIgniter->handleRequest()
11 FCPATH/index.php(67): CodeIgniter\CodeIgniter->run()
12 SYSTEMPATH/Commands/Server/rewrite.php(47): require_once('/srv/meziane.local/public/index.php')
CRITICAL - 2023-06-05 15:50:01 --> syntax error, unexpected token "<", expecting end of file
in APPPATH/Controllers/ProduitController.php on line 67.
 1 SYSTEMPATH/Autoloader/Autoloader.php(289): CodeIgniter\Autoloader\Autoloader->includeFile()
 2 SYSTEMPATH/Autoloader/Autoloader.php(267): CodeIgniter\Autoloader\Autoloader->loadInNamespace()
 3 [internal function]: CodeIgniter\Autoloader\Autoloader->loadClass()
 4 SYSTEMPATH/CodeIgniter.php(892): class_exists()
 5 SYSTEMPATH/CodeIgniter.php(486): CodeIgniter\CodeIgniter->startController()
 6 SYSTEMPATH/CodeIgniter.php(368): CodeIgniter\CodeIgniter->handleRequest()
 7 FCPATH/index.php(67): CodeIgniter\CodeIgniter->run()
 8 SYSTEMPATH/Commands/Server/rewrite.php(47): require_once('/srv/meziane.local/public/index.php')
INFO - 2023-06-05 15:50:16 --> Session: Class initialized using 'CodeIgniter\Session\Handlers\FileHandler' driver.
INFO - 2023-06-05 15:50:24 --> Session: Class initialized using 'CodeIgniter\Session\Handlers\FileHandler' driver.
INFO - 2023-06-05 15:50:38 --> Session: Class initialized using 'CodeIgniter\Session\Handlers\FileHandler' driver.
INFO - 2023-06-05 15:50:39 --> Session: Class initialized using 'CodeIgniter\Session\Handlers\FileHandler' driver.
INFO - 2023-06-05 15:53:00 --> Session: Class initialized using 'CodeIgniter\Session\Handlers\FileHandler' driver.
INFO - 2023-06-05 15:53:01 --> Session: Class initialized using 'CodeIgniter\Session\Handlers\FileHandler' driver.
INFO - 2023-06-05 15:53:03 --> Session: Class initialized using 'CodeIgniter\Session\Handlers\FileHandler' driver.
INFO - 2023-06-05 15:53:03 --> Session: Class initialized using 'CodeIgniter\Session\Handlers\FileHandler' driver.
INFO - 2023-06-05 15:53:31 --> Session: Class initialized using 'CodeIgniter\Session\Handlers\FileHandler' driver.
INFO - 2023-06-05 15:53:50 --> Session: Class initialized using 'CodeIgniter\Session\Handlers\FileHandler' driver.
INFO - 2023-06-05 15:54:50 --> Session: Class initialized using 'CodeIgniter\Session\Handlers\FileHandler' driver.
INFO - 2023-06-05 15:54:53 --> Session: Class initialized using 'CodeIgniter\Session\Handlers\FileHandler' driver.
INFO - 2023-06-05 15:54:53 --> Session: Class initialized using 'CodeIgniter\Session\Handlers\FileHandler' driver.
